[framework] 2019-07-20 10:14:47,744 - org.flowable.engine.common.AbstractEngineConfiguration -187  [main] ERROR org.flowable.engine.common.AbstractEngineConfiguration  - Exception while initializing Database connection
java.sql.SQLException: Error setting driver on UnpooledDataSource. Cause: java.lang.ClassNotFoundException: com.mysql.jdbc.Driver
	at org.apache.ibatis.datasource.unpooled.UnpooledDataSource.initializeDriver(UnpooledDataSource.java:221)
	at org.apache.ibatis.datasource.unpooled.UnpooledDataSource.doGetConnection(UnpooledDataSource.java:200)
	at org.apache.ibatis.datasource.unpooled.UnpooledDataSource.doGetConnection(UnpooledDataSource.java:196)
	at org.apache.ibatis.datasource.unpooled.UnpooledDataSource.getConnection(UnpooledDataSource.java:93)
	at org.apache.ibatis.datasource.pooled.PooledDataSource.popConnection(PooledDataSource.java:385)
	at org.apache.ibatis.datasource.pooled.PooledDataSource.getConnection(PooledDataSource.java:89)
	at org.flowable.engine.common.AbstractEngineConfiguration.initDatabaseType(AbstractEngineConfiguration.java:347)
	at org.flowable.engine.common.AbstractEngineConfiguration.initDataSource(AbstractEngineConfiguration.java:340)
	at org.flowable.engine.impl.cfg.ProcessEngineConfigurationImpl.init(ProcessEngineConfigurationImpl.java:807)
	at org.flowable.engine.impl.cfg.ProcessEngineConfigurationImpl.buildProcessEngine(ProcessEngineConfigurationImpl.java:774)
	at sofa.ActivityApplication.main(ActivityApplication.java:19)
[framework] 2019-07-20 10:14:50,306 - org.flowable.engine.common.AbstractEngineConfiguration -2749 [main] ERROR org.flowable.engine.common.AbstractEngineConfiguration  - Exception while initializing Database connection
java.sql.SQLException: Error setting driver on UnpooledDataSource. Cause: java.lang.ClassNotFoundException: com.mysql.jdbc.Driver
	at org.apache.ibatis.datasource.unpooled.UnpooledDataSource.initializeDriver(UnpooledDataSource.java:221)
	at org.apache.ibatis.datasource.unpooled.UnpooledDataSource.doGetConnection(UnpooledDataSource.java:200)
	at org.apache.ibatis.datasource.unpooled.UnpooledDataSource.doGetConnection(UnpooledDataSource.java:196)
	at org.apache.ibatis.datasource.unpooled.UnpooledDataSource.getConnection(UnpooledDataSource.java:93)
	at org.apache.ibatis.datasource.pooled.PooledDataSource.popConnection(PooledDataSource.java:385)
	at org.apache.ibatis.datasource.pooled.PooledDataSource.getConnection(PooledDataSource.java:89)
	at org.flowable.engine.common.AbstractEngineConfiguration.initDatabaseType(AbstractEngineConfiguration.java:347)
	at org.flowable.engine.common.AbstractEngineConfiguration.initDataSource(AbstractEngineConfiguration.java:340)
	at org.flowable.idm.engine.IdmEngineConfiguration.init(IdmEngineConfiguration.java:184)
	at org.flowable.idm.engine.IdmEngineConfiguration.buildIdmEngine(IdmEngineConfiguration.java:170)
	at org.flowable.engine.impl.cfg.IdmEngineConfigurator.configure(IdmEngineConfigurator.java:75)
	at org.flowable.engine.impl.cfg.ProcessEngineConfigurationImpl.configuratorsAfterInit(ProcessEngineConfigurationImpl.java:1362)
	at org.flowable.engine.impl.cfg.ProcessEngineConfigurationImpl.init(ProcessEngineConfigurationImpl.java:859)
	at org.flowable.engine.impl.cfg.ProcessEngineConfigurationImpl.buildProcessEngine(ProcessEngineConfigurationImpl.java:774)
	at sofa.ActivityApplication.main(ActivityApplication.java:19)
[framework] 2019-07-20 10:14:50,322 - org.flowable.engine.common.impl.interceptor.CommandContext -2765 [main] ERROR org.flowable.engine.common.impl.interceptor.CommandContext  - Error while closing command context
org.apache.ibatis.exceptions.PersistenceException: 
### Error getting a new connection.  Cause: java.sql.SQLException: Error setting driver on UnpooledDataSource. Cause: java.lang.ClassNotFoundException: com.mysql.jdbc.Driver
### Cause: java.sql.SQLException: Error setting driver on UnpooledDataSource. Cause: java.lang.ClassNotFoundException: com.mysql.jdbc.Driver
	at org.apache.ibatis.exceptions.ExceptionFactory.wrapException(ExceptionFactory.java:30)
	at org.apache.ibatis.session.defaults.DefaultSqlSession.getConnection(DefaultSqlSession.java:300)
	at org.flowable.engine.common.impl.db.DbSqlSessionFactory.openSession(DbSqlSessionFactory.java:90)
	at org.flowable.engine.common.impl.interceptor.CommandContext.getSession(CommandContext.java:243)
	at org.flowable.engine.common.impl.cfg.standalone.StandaloneMybatisTransactionContext.<init>(StandaloneMybatisTransactionContext.java:48)
	at org.flowable.engine.common.impl.cfg.standalone.StandaloneMybatisTransactionContextFactory.openTransactionContext(StandaloneMybatisTransactionContextFactory.java:26)
	at org.flowable.engine.common.impl.interceptor.TransactionContextInterceptor.execute(TransactionContextInterceptor.java:47)
	at org.flowable.engine.common.impl.interceptor.CommandContextInterceptor.execute(CommandContextInterceptor.java:72)
	at org.flowable.engine.common.impl.interceptor.LogInterceptor.execute(LogInterceptor.java:36)
	at org.flowable.engine.common.impl.cfg.CommandExecutorImpl.execute(CommandExecutorImpl.java:56)
	at org.flowable.idm.engine.impl.IdmEngineImpl.<init>(IdmEngineImpl.java:45)
	at org.flowable.idm.engine.IdmEngineConfiguration.buildIdmEngine(IdmEngineConfiguration.java:171)
	at org.flowable.engine.impl.cfg.IdmEngineConfigurator.configure(IdmEngineConfigurator.java:75)
	at org.flowable.engine.impl.cfg.ProcessEngineConfigurationImpl.configuratorsAfterInit(ProcessEngineConfigurationImpl.java:1362)
	at org.flowable.engine.impl.cfg.ProcessEngineConfigurationImpl.init(ProcessEngineConfigurationImpl.java:859)
	at org.flowable.engine.impl.cfg.ProcessEngineConfigurationImpl.buildProcessEngine(ProcessEngineConfigurationImpl.java:774)
	at sofa.ActivityApplication.main(ActivityApplication.java:19)
Caused by: java.sql.SQLException: Error setting driver on UnpooledDataSource. Cause: java.lang.ClassNotFoundException: com.mysql.jdbc.Driver
	at org.apache.ibatis.datasource.unpooled.UnpooledDataSource.initializeDriver(UnpooledDataSource.java:221)
	at org.apache.ibatis.datasource.unpooled.UnpooledDataSource.doGetConnection(UnpooledDataSource.java:200)
	at org.apache.ibatis.datasource.unpooled.UnpooledDataSource.doGetConnection(UnpooledDataSource.java:196)
	at org.apache.ibatis.datasource.unpooled.UnpooledDataSource.getConnection(UnpooledDataSource.java:93)
	at org.apache.ibatis.datasource.pooled.PooledDataSource.popConnection(PooledDataSource.java:385)
	at org.apache.ibatis.datasource.pooled.PooledDataSource.getConnection(PooledDataSource.java:89)
	at org.apache.ibatis.transaction.jdbc.JdbcTransaction.openConnection(JdbcTransaction.java:138)
	at org.apache.ibatis.transaction.jdbc.JdbcTransaction.getConnection(JdbcTransaction.java:60)
	at org.apache.ibatis.session.defaults.DefaultSqlSession.getConnection(DefaultSqlSession.java:298)
	... 15 more
